<component name="libraryTable">
  <library name="Junit4的jar包">
    <CLASSES>
      <root url="jar://$PROJECT_DIR$/aaa/05-XML &amp; Tomcat/笔记/Junit4的jar包/junit-4.12.jar!/" />
      <root url="jar://$PROJECT_DIR$/aaa/05-XML &amp; Tomcat/笔记/Junit4的jar包/hamcrest-core-1.3.jar!/" />
    </CLASSES>
    <JAVADOC />
    <SOURCES />
  </library>
</component>